<?xml version="1.0" encoding="UTF-8"?>
<!-- Generated by org.testng.reporters.JUnitXMLReporter -->
<testsuite hostname="Sarif-PC" ignored="0" name="Test" tests="4" failures="0" timestamp="26 Feb 2020 22:51:01 GMT" time="8.537" errors="0">
  <testcase name="@BeforeTest initialize" time="8.481" classname="codenboxautomationlab.MavenExample.LoginPageTest">
    <failure type="java.lang.NullPointerException">
      <![CDATA[java.lang.NullPointerException
at resources.Base.initializeDrvier(Base.java:42)
at codenboxautomationlab.MavenExample.LoginPageTest.initialize(LoginPageTest.java:18)
... Removed 24 stack frames]]>
    </failure>
  </testcase> <!-- @BeforeTest initialize -->
  <testcase name="@BeforeTest initialize" time="0.0" classname="codenboxautomationlab.MavenExample.NavigationBarTest">
    <skipped/>
  </testcase> <!-- @BeforeTest initialize -->
  <testcase name="@AfterMethod tearDown" time="0.0" classname="codenboxautomationlab.MavenExample.ValidTitleTest">
    <skipped/>
  </testcase> <!-- @AfterMethod tearDown -->
  <testcase name="@AfterMethod tearDown" time="0.0" classname="codenboxautomationlab.MavenExample.LoginPageTest">
    <skipped/>
  </testcase> <!-- @AfterMethod tearDown -->
  <testcase name="basePageNavigationBar" time="0.0" classname="codenboxautomationlab.MavenExample.NavigationBarTest">
    <skipped/>
  </testcase> <!-- basePageNavigationBar -->
  <testcase name="dropDownSelect" time="0.0" classname="codenboxautomationlab.MavenExample.NavigationBarTest">
    <skipped/>
  </testcase> <!-- dropDownSelect -->
  <testcase name="pageTitle" time="0.0" classname="codenboxautomationlab.MavenExample.ValidTitleTest">
    <skipped/>
  </testcase> <!-- pageTitle -->
  <testcase name="basePageLogin" time="0.0" classname="codenboxautomationlab.MavenExample.LoginPageTest">
    <skipped/>
  </testcase> <!-- basePageLogin -->
</testsuite> <!-- Test -->
