<?xml version="1.0" encoding="UTF-8"?>
<!-- Generated by org.testng.reporters.JUnitXMLReporter -->
<testsuite hostname="Sarif-PC" ignored="0" name="validating NavigationBar" tests="2" failures="0" timestamp="03 Mar 2020 21:34:11 GMT" time="16.209" errors="0">
  <testcase name="basePageNavigationBar" time="0.11" classname="codenboxautomationlab.MavenExample.NavigationBarTest"/>
  <testcase name="dropDownSelect" time="0.302" classname="codenboxautomationlab.MavenExample.NavigationBarTest"/>
</testsuite> <!-- validating NavigationBar -->
