<?xml version="1.0" encoding="UTF-8"?>
<!-- Generated by org.testng.reporters.JUnitXMLReporter -->
<testsuite hostname="Sarif-PC" ignored="0" name="validating NavigationBar" tests="2" failures="0" timestamp="05 Mar 2020 02:53:37 GMT" time="19.127" errors="0">
  <testcase name="basePageNavigationBar" time="0.176" classname="codenboxautomationlab.MavenExample.NavigationBarTest"/>
  <testcase name="dropDownSelect" time="0.408" classname="codenboxautomationlab.MavenExample.NavigationBarTest"/>
</testsuite> <!-- validating NavigationBar -->
